<?xml version="1.0" encoding="UTF-8"?>
<!-- Generated by org.testng.reporters.JUnitXMLReporter -->
<testsuite hostname="Shallu-PC" name="Default test" tests="12" failures="0" timestamp="2 Sep 2019 14:58:49 GMT" time="110.108" errors="0">
  <testcase name="LogIn" time="0.914" classname="FinalAssignment.EdurekaFATestClassTestNgDDFW"/>
  <testcase name="SendCred" time="4.307" classname="FinalAssignment.EdurekaFATestClassTestNgDDFW"/>
  <testcase name="SendCred" time="4.351" classname="FinalAssignment.EdurekaFATestClassTestNgDDFW"/>
  <testcase name="ClickLogIn" time="12.605" classname="FinalAssignment.EdurekaFATestClassTestNgDDFW"/>
  <testcase name="ExploreBlogs" time="22.973" classname="FinalAssignment.EdurekaFATestClassTestNgDDFW"/>
  <testcase name="EditProfile" time="9.783" classname="FinalAssignment.EdurekaFATestClassTestNgDDFW"/>
  <testcase name="EditProfDetails" time="2.869" classname="FinalAssignment.EdurekaFATestClassTestNgDDFW"/>
  <testcase name="ClickNext" time="9.542" classname="FinalAssignment.EdurekaFATestClassTestNgDDFW"/>
  <testcase name="ClickAllCourses" time="6.798" classname="FinalAssignment.EdurekaFATestClassTestNgDDFW"/>
  <testcase name="SelectCourse" time="21.089" classname="FinalAssignment.EdurekaFATestClassTestNgDDFW"/>
  <testcase name="MyCourse" time="7.783" classname="FinalAssignment.EdurekaFATestClassTestNgDDFW"/>
  <testcase name="LogOut" time="5.9" classname="FinalAssignment.EdurekaFATestClassTestNgDDFW"/>
</testsuite> <!-- Default test -->
