<?xml version="1.0" encoding="UTF-8"?>
<!-- Generated by org.testng.reporters.JUnitXMLReporter -->
<testsuite hostname="Shallu-PC" name="1. Edureka Final Assessment Blogs Page" tests="5" failures="5" timestamp="2 Sep 2019 13:59:26 GMT" time="1.735" errors="0">
  <testcase name="LogIn" time="0.041" classname="FinalAssignment.EdurekaFATestClassTestNgDDFW">
    <failure type="java.lang.NullPointerException">
      <![CDATA[java.lang.NullPointerException
	at org.openqa.selenium.support.pagefactory.DefaultElementLocator.findElement(DefaultElementLocator.java:69)
	at org.openqa.selenium.support.pagefactory.internal.LocatingElementHandler.invoke(LocatingElementHandler.java:38)
	at com.sun.proxy.$Proxy8.click(Unknown Source)
	at FinalAssignment.EdurekaFAPOMBlogs.LogIn(EdurekaFAPOMBlogs.java:53)
	at FinalAssignment.EdurekaFATestClassTestNgDDFW.LogIn(EdurekaFATestClassTestNgDDFW.java:47)
... Removed 24 stack frames]]>
    </failure>
  </testcase> <!-- LogIn -->
  <testcase name="SendCred" time="0.005" classname="FinalAssignment.EdurekaFATestClassTestNgDDFW">
    <failure type="java.lang.NullPointerException">
      <![CDATA[java.lang.NullPointerException
	at org.openqa.selenium.support.pagefactory.DefaultElementLocator.findElement(DefaultElementLocator.java:69)
	at org.openqa.selenium.support.pagefactory.internal.LocatingElementHandler.invoke(LocatingElementHandler.java:38)
	at com.sun.proxy.$Proxy8.clear(Unknown Source)
	at FinalAssignment.EdurekaFAPOMBlogs.SendCred(EdurekaFAPOMBlogs.java:58)
	at FinalAssignment.EdurekaFATestClassTestNgDDFW.SendCred(EdurekaFATestClassTestNgDDFW.java:53)
... Removed 24 stack frames]]>
    </failure>
  </testcase> <!-- SendCred -->
  <testcase name="SendCred" time="0.003" classname="FinalAssignment.EdurekaFATestClassTestNgDDFW">
    <failure type="java.lang.NullPointerException">
      <![CDATA[java.lang.NullPointerException
	at org.openqa.selenium.support.pagefactory.DefaultElementLocator.findElement(DefaultElementLocator.java:69)
	at org.openqa.selenium.support.pagefactory.internal.LocatingElementHandler.invoke(LocatingElementHandler.java:38)
	at com.sun.proxy.$Proxy8.clear(Unknown Source)
	at FinalAssignment.EdurekaFAPOMBlogs.SendCred(EdurekaFAPOMBlogs.java:58)
	at FinalAssignment.EdurekaFATestClassTestNgDDFW.SendCred(EdurekaFATestClassTestNgDDFW.java:53)
... Removed 24 stack frames]]>
    </failure>
  </testcase> <!-- SendCred -->
  <testcase name="ClickLogIn" time="0.002" classname="FinalAssignment.EdurekaFATestClassTestNgDDFW">
    <failure type="java.lang.NullPointerException">
      <![CDATA[java.lang.NullPointerException
	at org.openqa.selenium.support.pagefactory.DefaultElementLocator.findElement(DefaultElementLocator.java:69)
	at org.openqa.selenium.support.pagefactory.internal.LocatingElementHandler.invoke(LocatingElementHandler.java:38)
	at com.sun.proxy.$Proxy8.click(Unknown Source)
	at FinalAssignment.EdurekaFAPOMBlogs.ClickLogIn(EdurekaFAPOMBlogs.java:68)
	at FinalAssignment.EdurekaFATestClassTestNgDDFW.ClickLogIn(EdurekaFATestClassTestNgDDFW.java:85)
... Removed 24 stack frames]]>
    </failure>
  </testcase> <!-- ClickLogIn -->
  <testcase name="ExploreBlogs" time="0.004" classname="FinalAssignment.EdurekaFATestClassTestNgDDFW">
    <failure type="java.lang.NullPointerException">
      <![CDATA[java.lang.NullPointerException
	at org.openqa.selenium.support.pagefactory.DefaultElementLocator.findElement(DefaultElementLocator.java:69)
	at org.openqa.selenium.support.pagefactory.internal.LocatingElementHandler.invoke(LocatingElementHandler.java:38)
	at com.sun.proxy.$Proxy8.click(Unknown Source)
	at FinalAssignment.EdurekaFAPOMBlogs.ExploreBlogs(EdurekaFAPOMBlogs.java:73)
	at FinalAssignment.EdurekaFATestClassTestNgDDFW.ExploreBlogs(EdurekaFATestClassTestNgDDFW.java:93)
... Removed 24 stack frames]]>
    </failure>
  </testcase> <!-- ExploreBlogs -->
</testsuite> <!-- 1. Edureka Final Assessment Blogs Page -->
