<?xml version="1.0" encoding="UTF-8"?>
<!-- Generated by org.testng.reporters.JUnitXMLReporter -->
<testsuite hostname="Shallu-PC" name="2. Edureka Final Assessment Edit Profile" tests="7" failures="7" timestamp="2 Sep 2019 13:59:35 GMT" time="8.111" errors="0">
  <testcase name="LogIn" time="0.003" classname="FinalAssignment.EdurekaFATestClassTestNgDDFW">
    <failure type="java.lang.NullPointerException">
      <![CDATA[java.lang.NullPointerException
	at org.openqa.selenium.support.pagefactory.DefaultElementLocator.findElement(DefaultElementLocator.java:69)
	at org.openqa.selenium.support.pagefactory.internal.LocatingElementHandler.invoke(LocatingElementHandler.java:38)
	at com.sun.proxy.$Proxy8.click(Unknown Source)
	at FinalAssignment.EdurekaFAPOMBlogs.LogIn(EdurekaFAPOMBlogs.java:53)
	at FinalAssignment.EdurekaFATestClassTestNgDDFW.LogIn(EdurekaFATestClassTestNgDDFW.java:47)
... Removed 24 stack frames]]>
    </failure>
  </testcase> <!-- LogIn -->
  <testcase name="SendCred" time="0.002" classname="FinalAssignment.EdurekaFATestClassTestNgDDFW">
    <failure type="java.lang.NullPointerException">
      <![CDATA[java.lang.NullPointerException
	at org.openqa.selenium.support.pagefactory.DefaultElementLocator.findElement(DefaultElementLocator.java:69)
	at org.openqa.selenium.support.pagefactory.internal.LocatingElementHandler.invoke(LocatingElementHandler.java:38)
	at com.sun.proxy.$Proxy8.clear(Unknown Source)
	at FinalAssignment.EdurekaFAPOMBlogs.SendCred(EdurekaFAPOMBlogs.java:58)
	at FinalAssignment.EdurekaFATestClassTestNgDDFW.SendCred(EdurekaFATestClassTestNgDDFW.java:53)
... Removed 24 stack frames]]>
    </failure>
  </testcase> <!-- SendCred -->
  <testcase name="SendCred" time="0.002" classname="FinalAssignment.EdurekaFATestClassTestNgDDFW">
    <failure type="java.lang.NullPointerException">
      <![CDATA[java.lang.NullPointerException
	at org.openqa.selenium.support.pagefactory.DefaultElementLocator.findElement(DefaultElementLocator.java:69)
	at org.openqa.selenium.support.pagefactory.internal.LocatingElementHandler.invoke(LocatingElementHandler.java:38)
	at com.sun.proxy.$Proxy8.clear(Unknown Source)
	at FinalAssignment.EdurekaFAPOMBlogs.SendCred(EdurekaFAPOMBlogs.java:58)
	at FinalAssignment.EdurekaFATestClassTestNgDDFW.SendCred(EdurekaFATestClassTestNgDDFW.java:53)
... Removed 24 stack frames]]>
    </failure>
  </testcase> <!-- SendCred -->
  <testcase name="ClickLogIn" time="0.003" classname="FinalAssignment.EdurekaFATestClassTestNgDDFW">
    <failure type="java.lang.NullPointerException">
      <![CDATA[java.lang.NullPointerException
	at org.openqa.selenium.support.pagefactory.DefaultElementLocator.findElement(DefaultElementLocator.java:69)
	at org.openqa.selenium.support.pagefactory.internal.LocatingElementHandler.invoke(LocatingElementHandler.java:38)
	at com.sun.proxy.$Proxy8.click(Unknown Source)
	at FinalAssignment.EdurekaFAPOMBlogs.ClickLogIn(EdurekaFAPOMBlogs.java:68)
	at FinalAssignment.EdurekaFATestClassTestNgDDFW.ClickLogIn(EdurekaFATestClassTestNgDDFW.java:85)
... Removed 24 stack frames]]>
    </failure>
  </testcase> <!-- ClickLogIn -->
  <testcase name="EditProfile" time="3.006" classname="FinalAssignment.EdurekaFATestClassTestNgDDFW">
    <failure type="java.lang.NullPointerException">
      <![CDATA[java.lang.NullPointerException
	at org.openqa.selenium.support.pagefactory.DefaultElementLocator.findElement(DefaultElementLocator.java:69)
	at org.openqa.selenium.support.pagefactory.internal.LocatingElementHandler.invoke(LocatingElementHandler.java:38)
	at com.sun.proxy.$Proxy8.click(Unknown Source)
	at FinalAssignment.EdurekaFAPOMEditProfile.EditProfile(EdurekaFAPOMEditProfile.java:83)
	at FinalAssignment.EdurekaFATestClassTestNgDDFW.EditProfile(EdurekaFATestClassTestNgDDFW.java:109)
... Removed 24 stack frames]]>
    </failure>
  </testcase> <!-- EditProfile -->
  <testcase name="EditProfDetails" time="0.004" classname="FinalAssignment.EdurekaFATestClassTestNgDDFW">
    <failure type="java.lang.NullPointerException">
      <![CDATA[java.lang.NullPointerException
	at org.openqa.selenium.support.pagefactory.DefaultElementLocator.findElement(DefaultElementLocator.java:69)
	at org.openqa.selenium.support.pagefactory.internal.LocatingElementHandler.invoke(LocatingElementHandler.java:38)
	at com.sun.proxy.$Proxy8.getTagName(Unknown Source)
	at org.openqa.selenium.support.ui.Select.<init>(Select.java:44)
	at FinalAssignment.EdurekaFAPOMEditProfile.EditProfDetails(EdurekaFAPOMEditProfile.java:93)
	at FinalAssignment.EdurekaFATestClassTestNgDDFW.EditProfDetails(EdurekaFATestClassTestNgDDFW.java:116)
... Removed 24 stack frames]]>
    </failure>
  </testcase> <!-- EditProfDetails -->
  <testcase name="ClickNext" time="5.003" classname="FinalAssignment.EdurekaFATestClassTestNgDDFW">
    <failure type="java.lang.NullPointerException">
      <![CDATA[java.lang.NullPointerException
	at org.openqa.selenium.support.pagefactory.DefaultElementLocator.findElement(DefaultElementLocator.java:69)
	at org.openqa.selenium.support.pagefactory.internal.LocatingElementHandler.invoke(LocatingElementHandler.java:38)
	at com.sun.proxy.$Proxy8.click(Unknown Source)
	at FinalAssignment.EdurekaFAPOMEditProfile.ClickNext(EdurekaFAPOMEditProfile.java:106)
	at FinalAssignment.EdurekaFATestClassTestNgDDFW.ClickNext(EdurekaFATestClassTestNgDDFW.java:122)
... Removed 24 stack frames]]>
    </failure>
  </testcase> <!-- ClickNext -->
</testsuite> <!-- 2. Edureka Final Assessment Edit Profile -->
