<?xml version="1.0" encoding="UTF-8"?>
<!-- Generated by org.testng.reporters.JUnitXMLReporter -->
<testsuite hostname="Shallu-PC" name="Edureka Final Assessment Blogs Page" tests="12" failures="12" timestamp="2 Sep 2019 13:15:55 GMT" time="14.183" errors="0">
  <testcase name="LogIn" time="0.04" classname="FinalAssignment.EdurekaFATestClassTestNgDDFW">
    <failure type="java.lang.NullPointerException">
      <![CDATA[java.lang.NullPointerException
	at org.openqa.selenium.support.pagefactory.DefaultElementLocator.findElement(DefaultElementLocator.java:69)
	at org.openqa.selenium.support.pagefactory.internal.LocatingElementHandler.invoke(LocatingElementHandler.java:38)
	at com.sun.proxy.$Proxy8.click(Unknown Source)
	at FinalAssignment.EdurekaFAPOMBlogs.LogIn(EdurekaFAPOMBlogs.java:53)
	at FinalAssignment.EdurekaFATestClassTestNgDDFW.LogIn(EdurekaFATestClassTestNgDDFW.java:44)
... Removed 24 stack frames]]>
    </failure>
  </testcase> <!-- LogIn -->
  <testcase name="SendCred" time="0.002" classname="FinalAssignment.EdurekaFATestClassTestNgDDFW">
    <failure type="java.lang.NullPointerException">
      <![CDATA[java.lang.NullPointerException
	at org.openqa.selenium.support.pagefactory.DefaultElementLocator.findElement(DefaultElementLocator.java:69)
	at org.openqa.selenium.support.pagefactory.internal.LocatingElementHandler.invoke(LocatingElementHandler.java:38)
	at com.sun.proxy.$Proxy8.clear(Unknown Source)
	at FinalAssignment.EdurekaFAPOMBlogs.SendCred(EdurekaFAPOMBlogs.java:58)
	at FinalAssignment.EdurekaFATestClassTestNgDDFW.SendCred(EdurekaFATestClassTestNgDDFW.java:50)
... Removed 24 stack frames]]>
    </failure>
  </testcase> <!-- SendCred -->
  <testcase name="SendCred" time="0.012" classname="FinalAssignment.EdurekaFATestClassTestNgDDFW">
    <failure type="java.lang.NullPointerException">
      <![CDATA[java.lang.NullPointerException
	at org.openqa.selenium.support.pagefactory.DefaultElementLocator.findElement(DefaultElementLocator.java:69)
	at org.openqa.selenium.support.pagefactory.internal.LocatingElementHandler.invoke(LocatingElementHandler.java:38)
	at com.sun.proxy.$Proxy8.clear(Unknown Source)
	at FinalAssignment.EdurekaFAPOMBlogs.SendCred(EdurekaFAPOMBlogs.java:58)
	at FinalAssignment.EdurekaFATestClassTestNgDDFW.SendCred(EdurekaFATestClassTestNgDDFW.java:50)
... Removed 24 stack frames]]>
    </failure>
  </testcase> <!-- SendCred -->
  <testcase name="ClickLogIn" time="0.006" classname="FinalAssignment.EdurekaFATestClassTestNgDDFW">
    <failure type="java.lang.NullPointerException">
      <![CDATA[java.lang.NullPointerException
	at org.openqa.selenium.support.pagefactory.DefaultElementLocator.findElement(DefaultElementLocator.java:69)
	at org.openqa.selenium.support.pagefactory.internal.LocatingElementHandler.invoke(LocatingElementHandler.java:38)
	at com.sun.proxy.$Proxy8.click(Unknown Source)
	at FinalAssignment.EdurekaFAPOMBlogs.ClickLogIn(EdurekaFAPOMBlogs.java:68)
	at FinalAssignment.EdurekaFATestClassTestNgDDFW.ClickLogIn(EdurekaFATestClassTestNgDDFW.java:81)
... Removed 24 stack frames]]>
    </failure>
  </testcase> <!-- ClickLogIn -->
  <testcase name="ExploreBlogs" time="0.005" classname="FinalAssignment.EdurekaFATestClassTestNgDDFW">
    <failure type="java.lang.NullPointerException">
      <![CDATA[java.lang.NullPointerException
	at org.openqa.selenium.support.pagefactory.DefaultElementLocator.findElement(DefaultElementLocator.java:69)
	at org.openqa.selenium.support.pagefactory.internal.LocatingElementHandler.invoke(LocatingElementHandler.java:38)
	at com.sun.proxy.$Proxy8.click(Unknown Source)
	at FinalAssignment.EdurekaFAPOMBlogs.ExploreBlogs(EdurekaFAPOMBlogs.java:73)
	at FinalAssignment.EdurekaFATestClassTestNgDDFW.ExploreBlogs(EdurekaFATestClassTestNgDDFW.java:89)
... Removed 24 stack frames]]>
    </failure>
  </testcase> <!-- ExploreBlogs -->
  <testcase name="EditProfile" time="3.012" classname="FinalAssignment.EdurekaFATestClassTestNgDDFW">
    <failure type="java.lang.NullPointerException">
      <![CDATA[java.lang.NullPointerException
	at org.openqa.selenium.support.pagefactory.DefaultElementLocator.findElement(DefaultElementLocator.java:69)
	at org.openqa.selenium.support.pagefactory.internal.LocatingElementHandler.invoke(LocatingElementHandler.java:38)
	at com.sun.proxy.$Proxy8.click(Unknown Source)
	at FinalAssignment.EdurekaFAPOMEditProfile.EditProfile(EdurekaFAPOMEditProfile.java:83)
	at FinalAssignment.EdurekaFATestClassTestNgDDFW.EditProfile(EdurekaFATestClassTestNgDDFW.java:105)
... Removed 24 stack frames]]>
    </failure>
  </testcase> <!-- EditProfile -->
  <testcase name="EditProfDetails" time="0.004" classname="FinalAssignment.EdurekaFATestClassTestNgDDFW">
    <failure type="java.lang.NullPointerException">
      <![CDATA[java.lang.NullPointerException
	at org.openqa.selenium.support.pagefactory.DefaultElementLocator.findElement(DefaultElementLocator.java:69)
	at org.openqa.selenium.support.pagefactory.internal.LocatingElementHandler.invoke(LocatingElementHandler.java:38)
	at com.sun.proxy.$Proxy8.getTagName(Unknown Source)
	at org.openqa.selenium.support.ui.Select.<init>(Select.java:44)
	at FinalAssignment.EdurekaFAPOMEditProfile.EditProfDetails(EdurekaFAPOMEditProfile.java:93)
	at FinalAssignment.EdurekaFATestClassTestNgDDFW.EditProfDetails(EdurekaFATestClassTestNgDDFW.java:112)
... Removed 24 stack frames]]>
    </failure>
  </testcase> <!-- EditProfDetails -->
  <testcase name="ClickNext" time="5.004" classname="FinalAssignment.EdurekaFATestClassTestNgDDFW">
    <failure type="java.lang.NullPointerException">
      <![CDATA[java.lang.NullPointerException
	at org.openqa.selenium.support.pagefactory.DefaultElementLocator.findElement(DefaultElementLocator.java:69)
	at org.openqa.selenium.support.pagefactory.internal.LocatingElementHandler.invoke(LocatingElementHandler.java:38)
	at com.sun.proxy.$Proxy8.click(Unknown Source)
	at FinalAssignment.EdurekaFAPOMEditProfile.ClickNext(EdurekaFAPOMEditProfile.java:106)
	at FinalAssignment.EdurekaFATestClassTestNgDDFW.ClickNext(EdurekaFATestClassTestNgDDFW.java:118)
... Removed 24 stack frames]]>
    </failure>
  </testcase> <!-- ClickNext -->
  <testcase name="ClickAllCourses" time="0.005" classname="FinalAssignment.EdurekaFATestClassTestNgDDFW">
    <failure type="java.lang.NullPointerException">
      <![CDATA[java.lang.NullPointerException
	at org.openqa.selenium.support.pagefactory.DefaultElementLocator.findElement(DefaultElementLocator.java:69)
	at org.openqa.selenium.support.pagefactory.internal.LocatingElementHandler.invoke(LocatingElementHandler.java:38)
	at com.sun.proxy.$Proxy8.click(Unknown Source)
	at FinalAssignment.EdurekaFAPOMSeleniumCourse.ClickAllCourses(EdurekaFAPOMSeleniumCourse.java:90)
	at FinalAssignment.EdurekaFATestClassTestNgDDFW.ClickAllCourses(EdurekaFATestClassTestNgDDFW.java:127)
... Removed 24 stack frames]]>
    </failure>
  </testcase> <!-- ClickAllCourses -->
  <testcase name="SelectCourse" time="5.001" classname="FinalAssignment.EdurekaFATestClassTestNgDDFW">
    <failure type="java.lang.NullPointerException">
      <![CDATA[java.lang.NullPointerException
	at org.openqa.selenium.support.pagefactory.DefaultElementLocator.findElement(DefaultElementLocator.java:69)
	at org.openqa.selenium.support.pagefactory.internal.LocatingElementHandler.invoke(LocatingElementHandler.java:38)
	at com.sun.proxy.$Proxy8.click(Unknown Source)
	at FinalAssignment.EdurekaFAPOMSeleniumCourse.SelectCourse(EdurekaFAPOMSeleniumCourse.java:98)
	at FinalAssignment.EdurekaFATestClassTestNgDDFW.SelectCourse(EdurekaFATestClassTestNgDDFW.java:135)
... Removed 24 stack frames]]>
    </failure>
  </testcase> <!-- SelectCourse -->
  <testcase name="ClickEnrol" time="0.002" classname="FinalAssignment.EdurekaFATestClassTestNgDDFW">
    <failure type="java.lang.NullPointerException">
      <![CDATA[java.lang.NullPointerException
	at org.openqa.selenium.support.pagefactory.DefaultElementLocator.findElement(DefaultElementLocator.java:69)
	at org.openqa.selenium.support.pagefactory.internal.LocatingElementHandler.invoke(LocatingElementHandler.java:38)
	at com.sun.proxy.$Proxy8.click(Unknown Source)
	at FinalAssignment.EdurekaFAPOMSeleniumCourse.ClickEnrol(EdurekaFAPOMSeleniumCourse.java:111)
	at FinalAssignment.EdurekaFATestClassTestNgDDFW.ClickEnrol(EdurekaFATestClassTestNgDDFW.java:142)
... Removed 24 stack frames]]>
    </failure>
  </testcase> <!-- ClickEnrol -->
  <testcase name="PayMent" time="0.004" classname="FinalAssignment.EdurekaFATestClassTestNgDDFW">
    <failure type="java.lang.NullPointerException">
      <![CDATA[java.lang.NullPointerException
	at org.openqa.selenium.support.pagefactory.DefaultElementLocator.findElement(DefaultElementLocator.java:69)
	at org.openqa.selenium.support.pagefactory.internal.LocatingElementHandler.invoke(LocatingElementHandler.java:38)
	at com.sun.proxy.$Proxy8.click(Unknown Source)
	at FinalAssignment.EdurekaFAPOMSeleniumCourse.PayMent(EdurekaFAPOMSeleniumCourse.java:117)
	at FinalAssignment.EdurekaFATestClassTestNgDDFW.PayMent(EdurekaFATestClassTestNgDDFW.java:148)
... Removed 24 stack frames]]>
    </failure>
  </testcase> <!-- PayMent -->
</testsuite> <!-- Edureka Final Assessment Blogs Page -->
